bash.tcz
curl.tcz
dbus-glib.tcz
dhcpcd.tcz
dhcp.tcz
expat2.tcz
gcc_libs.tcz
glib1.tcz
glib2.tcz
glib-networking.tcz
gudev-lib.tcz
iproute2.tcz
iptables.tcz
libbluetooth.tcz
libdb.tcz
libffi.tcz
libndp.tcz
libnl.tcz
libsoup.tcz
mirrors.tcz
modemmanager.tcz
ncurses.tcz
networkmanager.tcz
nginx.tcz
nspr-dev.tcz
nspr.tcz
nss.tcz
openssh.tcz
openssl.tcz
pcre.tcz
polkit.tcz
python3-requests.tcz
python3-setuptools.tcz
python3.tcz
python-setuptools.tcz
python.tcz
readline.tcz
sqlite3.tcz
tk.tcz
udev-lib.tcz
wpa_supplicant-dbus.tcz
